<?xml version="1.0" encoding="UTF-8"?>
<!-- Generated by org.testng.reporters.JUnitReportReporter -->
<testsuite hostname="USMUMANUMO11" failures="0" tests="1" name="StreamTest1" time="0.015" errors="0" timestamp="2023-10-16T21:27:31 IST" skipped="0">
  <testcase classname="StreamTest1" name="streamCollect" time="0.015"/>
  <system-out/>
</testsuite> <!-- StreamTest1 -->
